{"/Users/emmanuelnyachoke/Code/Mekom/con-tainer2sul/lib/consul/catalog.js":{"path":"/Users/emmanuelnyachoke/Code/Mekom/con-tainer2sul/lib/consul/catalog.js","s":{"1":3,"2":1,"3":1,"4":1},"b":{},"f":{"1":3,"2":1,"3":1},"fnMap":{"1":{"name":"(anonymous_1)","line":4,"loc":{"start":{"line":4,"column":14},"end":{"line":4,"column":23}}},"2":{"name":"(anonymous_2)","line":8,"loc":{"start":{"line":8,"column":11},"end":{"line":8,"column":18}}},"3":{"name":"(anonymous_3)","line":12,"loc":{"start":{"line":12,"column":13},"end":{"line":12,"column":20}}}},"statementMap":{"1":{"start":{"line":5,"column":4},"end":{"line":5,"column":25}},"2":{"start":{"line":9,"column":4},"end":{"line":9,"column":58}},"3":{"start":{"line":13,"column":4},"end":{"line":13,"column":60}},"4":{"start":{"line":17,"column":0},"end":{"line":17,"column":25}}},"branchMap":{}},"/Users/emmanuelnyachoke/Code/Mekom/con-tainer2sul/lib/consul/kv.js":{"path":"/Users/emmanuelnyachoke/Code/Mekom/con-tainer2sul/lib/consul/kv.js","s":{"1":5,"2":1,"3":1,"4":1,"5":1,"6":1,"7":0,"8":1,"9":1},"b":{"1":[0,1]},"f":{"1":5,"2":1,"3":1,"4":1,"5":1},"fnMap":{"1":{"name":"(anonymous_1)","line":4,"loc":{"start":{"line":4,"column":14},"end":{"line":4,"column":23}}},"2":{"name":"(anonymous_2)","line":8,"loc":{"start":{"line":8,"column":7},"end":{"line":8,"column":16}}},"3":{"name":"(anonymous_3)","line":12,"loc":{"start":{"line":12,"column":6},"end":{"line":12,"column":19}}},"4":{"name":"(anonymous_4)","line":16,"loc":{"start":{"line":16,"column":6},"end":{"line":16,"column":12}}},"5":{"name":"(anonymous_5)","line":20,"loc":{"start":{"line":20,"column":9},"end":{"line":20,"column":24}}}},"statementMap":{"1":{"start":{"line":5,"column":4},"end":{"line":5,"column":25}},"2":{"start":{"line":9,"column":4},"end":{"line":9,"column":53}},"3":{"start":{"line":13,"column":4},"end":{"line":13,"column":52}},"4":{"start":{"line":17,"column":4},"end":{"line":17,"column":49}},"5":{"start":{"line":21,"column":4},"end":{"line":21,"column":30}},"6":{"start":{"line":23,"column":4},"end":{"line":25,"column":5}},"7":{"start":{"line":24,"column":6},"end":{"line":24,"column":24}},"8":{"start":{"line":27,"column":4},"end":{"line":27,"column":36}},"9":{"start":{"line":31,"column":0},"end":{"line":31,"column":20}}},"branchMap":{"1":{"line":23,"type":"if","locations":[{"start":{"line":23,"column":4},"end":{"line":23,"column":4}},{"start":{"line":23,"column":4},"end":{"line":23,"column":4}}]}}},"/Users/emmanuelnyachoke/Code/Mekom/con-tainer2sul/lib/errors/skipError.js":{"path":"/Users/emmanuelnyachoke/Code/Mekom/con-tainer2sul/lib/errors/skipError.js","s":{"1":1,"2":1},"b":{},"f":{"1":1},"fnMap":{"1":{"name":"(anonymous_1)","line":4,"loc":{"start":{"line":4,"column":14},"end":{"line":4,"column":20}}}},"statementMap":{"1":{"start":{"line":5,"column":4},"end":{"line":5,"column":15}},"2":{"start":{"line":9,"column":0},"end":{"line":9,"column":27}}},"branchMap":{}},"/Users/emmanuelnyachoke/Code/Mekom/con-tainer2sul/lib/consul/index.js":{"path":"/Users/emmanuelnyachoke/Code/Mekom/con-tainer2sul/lib/consul/index.js","s":{"1":1,"2":1,"3":1,"4":6,"5":6,"6":6,"7":6,"8":2,"9":2,"10":2,"11":2,"12":0,"13":2,"14":1,"15":2,"16":1,"17":2,"18":1,"19":2,"20":1,"21":1,"22":1,"23":1},"b":{"1":[6,6],"2":[2,0],"3":[1,1],"4":[1,1],"5":[1,1]},"f":{"1":6,"2":2,"3":0,"4":1,"5":2,"6":1,"7":1,"8":1},"fnMap":{"1":{"name":"(anonymous_1)","line":7,"loc":{"start":{"line":7,"column":13},"end":{"line":7,"column":22}}},"2":{"name":"(anonymous_2)","line":15,"loc":{"start":{"line":15,"column":7},"end":{"line":15,"column":27}}},"3":{"name":"transformResponse","line":24,"loc":{"start":{"line":24,"column":26},"end":{"line":24,"column":59}}},"4":{"name":"(anonymous_4)","line":35,"loc":{"start":{"line":35,"column":6},"end":{"line":35,"column":12}}},"5":{"name":"(anonymous_5)","line":49,"loc":{"start":{"line":49,"column":6},"end":{"line":49,"column":18}}},"6":{"name":"(anonymous_6)","line":57,"loc":{"start":{"line":57,"column":9},"end":{"line":57,"column":15}}},"7":{"name":"(anonymous_7)","line":61,"loc":{"start":{"line":61,"column":13},"end":{"line":61,"column":16}}},"8":{"name":"(anonymous_8)","line":65,"loc":{"start":{"line":65,"column":8},"end":{"line":65,"column":11}}}},"statementMap":{"1":{"start":{"line":2,"column":0},"end":{"line":2,"column":31}},"2":{"start":{"line":3,"column":0},"end":{"line":3,"column":37}},"3":{"start":{"line":4,"column":0},"end":{"line":4,"column":27}},"4":{"start":{"line":8,"column":4},"end":{"line":8,"column":28}},"5":{"start":{"line":9,"column":4},"end":{"line":9,"column":28}},"6":{"start":{"line":11,"column":4},"end":{"line":11,"column":26}},"7":{"start":{"line":12,"column":4},"end":{"line":12,"column":33}},"8":{"start":{"line":16,"column":4},"end":{"line":19,"column":5}},"9":{"start":{"line":17,"column":6},"end":{"line":17,"column":47}},"10":{"start":{"line":18,"column":6},"end":{"line":18,"column":33}},"11":{"start":{"line":20,"column":4},"end":{"line":27,"column":6}},"12":{"start":{"line":25,"column":8},"end":{"line":25,"column":32}},"13":{"start":{"line":29,"column":4},"end":{"line":31,"column":5}},"14":{"start":{"line":30,"column":6},"end":{"line":30,"column":26}},"15":{"start":{"line":32,"column":4},"end":{"line":32,"column":26}},"16":{"start":{"line":36,"column":4},"end":{"line":36,"column":34}},"17":{"start":{"line":50,"column":4},"end":{"line":52,"column":5}},"18":{"start":{"line":51,"column":6},"end":{"line":51,"column":32}},"19":{"start":{"line":54,"column":4},"end":{"line":54,"column":40}},"20":{"start":{"line":58,"column":4},"end":{"line":58,"column":37}},"21":{"start":{"line":62,"column":4},"end":{"line":62,"column":29}},"22":{"start":{"line":66,"column":4},"end":{"line":66,"column":24}},"23":{"start":{"line":70,"column":0},"end":{"line":70,"column":24}}},"branchMap":{"1":{"line":12,"type":"binary-expr","locations":[{"start":{"line":12,"column":14},"end":{"line":12,"column":23}},{"start":{"line":12,"column":27},"end":{"line":12,"column":32}}]},"2":{"line":16,"type":"if","locations":[{"start":{"line":16,"column":4},"end":{"line":16,"column":4}},{"start":{"line":16,"column":4},"end":{"line":16,"column":4}}]},"3":{"line":17,"type":"cond-expr","locations":[{"start":{"line":17,"column":37},"end":{"line":17,"column":40}},{"start":{"line":17,"column":43},"end":{"line":17,"column":46}}]},"4":{"line":29,"type":"if","locations":[{"start":{"line":29,"column":4},"end":{"line":29,"column":4}},{"start":{"line":29,"column":4},"end":{"line":29,"column":4}}]},"5":{"line":50,"type":"if","locations":[{"start":{"line":50,"column":4},"end":{"line":50,"column":4}},{"start":{"line":50,"column":4},"end":{"line":50,"column":4}}]}}},"/Users/emmanuelnyachoke/Code/Mekom/con-tainer2sul/lib/container-to-consul.js":{"path":"/Users/emmanuelnyachoke/Code/Mekom/con-tainer2sul/lib/container-to-consul.js","s":{"1":22,"2":22,"3":22,"4":22,"5":22,"6":21,"7":21,"8":21,"9":21,"10":21,"11":25,"12":2,"13":1,"14":1,"15":1,"16":25,"17":2,"18":1,"19":1,"20":1,"21":5,"22":5,"23":2,"24":1,"25":1,"26":4,"27":6,"28":6,"29":1,"30":1,"31":5,"32":4,"33":1,"34":1,"35":3,"36":3,"37":2,"38":2,"39":1,"40":2,"41":4,"42":4,"43":4,"44":2,"45":1,"46":1,"47":1,"48":2,"49":2,"50":2,"51":1,"52":1,"53":1,"54":1,"55":2,"56":2,"57":2,"58":0,"59":0,"60":0,"61":0,"62":0,"63":2,"64":2,"65":1,"66":1,"67":1,"68":1,"69":3,"70":3,"71":3,"72":3,"73":3,"74":3,"75":0,"76":3,"77":3,"78":9,"79":2,"80":2,"81":1,"82":2,"83":2,"84":2,"85":2,"86":1,"87":0,"88":2,"89":1,"90":1,"91":1,"92":2,"93":1,"94":3,"95":3,"96":3,"97":3,"98":1,"99":3,"100":3,"101":1,"102":3,"103":2,"104":3,"105":3,"106":5,"107":5,"108":1,"109":5,"110":22},"b":{"1":[1,1],"2":[2,1],"3":[1,0],"4":[4,1],"5":[5,4],"6":[1,1],"7":[2,0],"8":[0,0],"9":[3,0],"10":[0,3],"11":[3,3,3],"12":[3,0],"13":[2,2,1,1],"14":[1,1],"15":[1,1],"16":[1,2],"17":[3,1],"18":[1,2],"19":[3,2,1],"20":[2,1],"21":[3,2],"22":[1,4],"23":[5,3,1]},"f":{"1":21,"2":25,"3":5,"4":1,"5":4,"6":2,"7":2,"8":3,"9":3,"10":5},"fnMap":{"1":{"name":"(anonymous_1)","line":10,"loc":{"start":{"line":10,"column":13},"end":{"line":10,"column":22}}},"2":{"name":"(anonymous_2)","line":20,"loc":{"start":{"line":20,"column":15},"end":{"line":20,"column":18}}},"3":{"name":"(anonymous_3)","line":41,"loc":{"start":{"line":41,"column":7},"end":{"line":41,"column":10}}},"4":{"name":"(anonymous_4)","line":86,"loc":{"start":{"line":86,"column":20},"end":{"line":86,"column":33}}},"5":{"name":"(anonymous_5)","line":95,"loc":{"start":{"line":95,"column":19},"end":{"line":95,"column":31}}},"6":{"name":"(anonymous_6)","line":128,"loc":{"start":{"line":128,"column":21},"end":{"line":128,"column":33}}},"7":{"name":"(anonymous_7)","line":157,"loc":{"start":{"line":157,"column":19},"end":{"line":157,"column":29}}},"8":{"name":"(anonymous_8)","line":175,"loc":{"start":{"line":175,"column":19},"end":{"line":175,"column":31}}},"9":{"name":"(anonymous_9)","line":241,"loc":{"start":{"line":241,"column":22},"end":{"line":241,"column":34}}},"10":{"name":"(anonymous_10)","line":266,"loc":{"start":{"line":266,"column":18},"end":{"line":266,"column":30}}}},"statementMap":{"1":{"start":{"line":3,"column":0},"end":{"line":3,"column":33}},"2":{"start":{"line":4,"column":0},"end":{"line":4,"column":35}},"3":{"start":{"line":5,"column":0},"end":{"line":5,"column":35}},"4":{"start":{"line":6,"column":0},"end":{"line":6,"column":36}},"5":{"start":{"line":7,"column":0},"end":{"line":7,"column":48}},"6":{"start":{"line":11,"column":4},"end":{"line":11,"column":25}},"7":{"start":{"line":13,"column":4},"end":{"line":13,"column":44}},"8":{"start":{"line":14,"column":4},"end":{"line":14,"column":35}},"9":{"start":{"line":15,"column":4},"end":{"line":15,"column":50}},"10":{"start":{"line":17,"column":4},"end":{"line":17,"column":25}},"11":{"start":{"line":21,"column":4},"end":{"line":29,"column":7}},"12":{"start":{"line":22,"column":6},"end":{"line":28,"column":11}},"13":{"start":{"line":24,"column":27},"end":{"line":24,"column":60}},"14":{"start":{"line":26,"column":10},"end":{"line":26,"column":32}},"15":{"start":{"line":27,"column":10},"end":{"line":27,"column":22}},"16":{"start":{"line":30,"column":4},"end":{"line":38,"column":7}},"17":{"start":{"line":31,"column":6},"end":{"line":37,"column":11}},"18":{"start":{"line":33,"column":27},"end":{"line":33,"column":87}},"19":{"start":{"line":35,"column":10},"end":{"line":35,"column":32}},"20":{"start":{"line":36,"column":10},"end":{"line":36,"column":22}},"21":{"start":{"line":42,"column":4},"end":{"line":78,"column":9}},"22":{"start":{"line":44,"column":18},"end":{"line":50,"column":10}},"23":{"start":{"line":46,"column":10},"end":{"line":48,"column":11}},"24":{"start":{"line":47,"column":12},"end":{"line":47,"column":22}},"25":{"start":{"line":49,"column":10},"end":{"line":49,"column":22}},"26":{"start":{"line":52,"column":8},"end":{"line":70,"column":12}},"27":{"start":{"line":53,"column":10},"end":{"line":69,"column":15}},"28":{"start":{"line":55,"column":14},"end":{"line":68,"column":19}},"29":{"start":{"line":58,"column":18},"end":{"line":60,"column":19}},"30":{"start":{"line":59,"column":20},"end":{"line":59,"column":55}},"31":{"start":{"line":63,"column":18},"end":{"line":65,"column":19}},"32":{"start":{"line":64,"column":20},"end":{"line":64,"column":55}},"33":{"start":{"line":66,"column":18},"end":{"line":66,"column":40}},"34":{"start":{"line":67,"column":18},"end":{"line":67,"column":30}},"35":{"start":{"line":73,"column":18},"end":{"line":73,"column":42}},"36":{"start":{"line":74,"column":26},"end":{"line":74,"column":61}},"37":{"start":{"line":76,"column":8},"end":{"line":76,"column":30}},"38":{"start":{"line":77,"column":8},"end":{"line":77,"column":20}},"39":{"start":{"line":87,"column":4},"end":{"line":87,"column":87}},"40":{"start":{"line":87,"column":51},"end":{"line":87,"column":84}},"41":{"start":{"line":96,"column":4},"end":{"line":96,"column":16}},"42":{"start":{"line":98,"column":4},"end":{"line":108,"column":5}},"43":{"start":{"line":99,"column":6},"end":{"line":99,"column":50}},"44":{"start":{"line":102,"column":6},"end":{"line":105,"column":7}},"45":{"start":{"line":103,"column":8},"end":{"line":103,"column":33}},"46":{"start":{"line":104,"column":8},"end":{"line":104,"column":33}},"47":{"start":{"line":107,"column":6},"end":{"line":107,"column":31}},"48":{"start":{"line":110,"column":4},"end":{"line":110,"column":52}},"49":{"start":{"line":112,"column":4},"end":{"line":119,"column":9}},"50":{"start":{"line":113,"column":18},"end":{"line":113,"column":55}},"51":{"start":{"line":114,"column":18},"end":{"line":114,"column":112}},"52":{"start":{"line":116,"column":8},"end":{"line":116,"column":88}},"53":{"start":{"line":117,"column":8},"end":{"line":117,"column":30}},"54":{"start":{"line":118,"column":8},"end":{"line":118,"column":20}},"55":{"start":{"line":129,"column":4},"end":{"line":132,"column":57}},"56":{"start":{"line":134,"column":4},"end":{"line":136,"column":5}},"57":{"start":{"line":135,"column":6},"end":{"line":135,"column":31}},"58":{"start":{"line":138,"column":4},"end":{"line":146,"column":7}},"59":{"start":{"line":139,"column":6},"end":{"line":145,"column":7}},"60":{"start":{"line":140,"column":8},"end":{"line":142,"column":28}},"61":{"start":{"line":144,"column":8},"end":{"line":144,"column":81}},"62":{"start":{"line":148,"column":4},"end":{"line":148,"column":33}},"63":{"start":{"line":158,"column":4},"end":{"line":158,"column":54}},"64":{"start":{"line":160,"column":4},"end":{"line":166,"column":9}},"65":{"start":{"line":161,"column":18},"end":{"line":161,"column":72}},"66":{"start":{"line":162,"column":18},"end":{"line":162,"column":68}},"67":{"start":{"line":164,"column":8},"end":{"line":164,"column":30}},"68":{"start":{"line":165,"column":8},"end":{"line":165,"column":20}},"69":{"start":{"line":176,"column":4},"end":{"line":182,"column":6}},"70":{"start":{"line":183,"column":4},"end":{"line":186,"column":17}},"71":{"start":{"line":188,"column":4},"end":{"line":190,"column":5}},"72":{"start":{"line":189,"column":6},"end":{"line":189,"column":43}},"73":{"start":{"line":192,"column":4},"end":{"line":192,"column":50}},"74":{"start":{"line":194,"column":4},"end":{"line":196,"column":5}},"75":{"start":{"line":195,"column":6},"end":{"line":195,"column":87}},"76":{"start":{"line":197,"column":4},"end":{"line":228,"column":5}},"77":{"start":{"line":198,"column":6},"end":{"line":227,"column":9}},"78":{"start":{"line":199,"column":8},"end":{"line":226,"column":9}},"79":{"start":{"line":201,"column":12},"end":{"line":201,"column":42}},"80":{"start":{"line":202,"column":12},"end":{"line":204,"column":13}},"81":{"start":{"line":203,"column":14},"end":{"line":203,"column":52}},"82":{"start":{"line":205,"column":12},"end":{"line":205,"column":18}},"83":{"start":{"line":207,"column":12},"end":{"line":216,"column":13}},"84":{"start":{"line":208,"column":14},"end":{"line":208,"column":59}},"85":{"start":{"line":209,"column":14},"end":{"line":211,"column":15}},"86":{"start":{"line":210,"column":16},"end":{"line":210,"column":44}},"87":{"start":{"line":215,"column":14},"end":{"line":215,"column":32}},"88":{"start":{"line":217,"column":12},"end":{"line":217,"column":18}},"89":{"start":{"line":219,"column":12},"end":{"line":219,"column":50}},"90":{"start":{"line":220,"column":12},"end":{"line":220,"column":18}},"91":{"start":{"line":222,"column":12},"end":{"line":224,"column":38}},"92":{"start":{"line":224,"column":26},"end":{"line":224,"column":36}},"93":{"start":{"line":225,"column":12},"end":{"line":225,"column":18}},"94":{"start":{"line":230,"column":4},"end":{"line":230,"column":39}},"95":{"start":{"line":232,"column":4},"end":{"line":232,"column":19}},"96":{"start":{"line":242,"column":4},"end":{"line":242,"column":30}},"97":{"start":{"line":244,"column":4},"end":{"line":246,"column":5}},"98":{"start":{"line":245,"column":6},"end":{"line":245,"column":32}},"99":{"start":{"line":248,"column":4},"end":{"line":248,"column":32}},"100":{"start":{"line":249,"column":4},"end":{"line":251,"column":5}},"101":{"start":{"line":250,"column":6},"end":{"line":250,"column":37}},"102":{"start":{"line":252,"column":4},"end":{"line":254,"column":5}},"103":{"start":{"line":253,"column":6},"end":{"line":253,"column":33}},"104":{"start":{"line":255,"column":4},"end":{"line":255,"column":35}},"105":{"start":{"line":257,"column":4},"end":{"line":257,"column":16}},"106":{"start":{"line":267,"column":4},"end":{"line":267,"column":32}},"107":{"start":{"line":268,"column":4},"end":{"line":270,"column":5}},"108":{"start":{"line":269,"column":6},"end":{"line":269,"column":37}},"109":{"start":{"line":271,"column":4},"end":{"line":271,"column":16}},"110":{"start":{"line":276,"column":0},"end":{"line":276,"column":35}}},"branchMap":{"1":{"line":46,"type":"if","locations":[{"start":{"line":46,"column":10},"end":{"line":46,"column":10}},{"start":{"line":46,"column":10},"end":{"line":46,"column":10}}]},"2":{"line":46,"type":"binary-expr","locations":[{"start":{"line":46,"column":14},"end":{"line":46,"column":30}},{"start":{"line":46,"column":34},"end":{"line":46,"column":58}}]},"3":{"line":58,"type":"if","locations":[{"start":{"line":58,"column":18},"end":{"line":58,"column":18}},{"start":{"line":58,"column":18},"end":{"line":58,"column":18}}]},"4":{"line":63,"type":"if","locations":[{"start":{"line":63,"column":18},"end":{"line":63,"column":18}},{"start":{"line":63,"column":18},"end":{"line":63,"column":18}}]},"5":{"line":63,"type":"binary-expr","locations":[{"start":{"line":63,"column":22},"end":{"line":63,"column":38}},{"start":{"line":63,"column":42},"end":{"line":63,"column":66}}]},"6":{"line":102,"type":"if","locations":[{"start":{"line":102,"column":6},"end":{"line":102,"column":6}},{"start":{"line":102,"column":6},"end":{"line":102,"column":6}}]},"7":{"line":134,"type":"if","locations":[{"start":{"line":134,"column":4},"end":{"line":134,"column":4}},{"start":{"line":134,"column":4},"end":{"line":134,"column":4}}]},"8":{"line":139,"type":"if","locations":[{"start":{"line":139,"column":6},"end":{"line":139,"column":6}},{"start":{"line":139,"column":6},"end":{"line":139,"column":6}}]},"9":{"line":188,"type":"if","locations":[{"start":{"line":188,"column":4},"end":{"line":188,"column":4}},{"start":{"line":188,"column":4},"end":{"line":188,"column":4}}]},"10":{"line":194,"type":"if","locations":[{"start":{"line":194,"column":4},"end":{"line":194,"column":4}},{"start":{"line":194,"column":4},"end":{"line":194,"column":4}}]},"11":{"line":194,"type":"binary-expr","locations":[{"start":{"line":194,"column":8},"end":{"line":194,"column":38}},{"start":{"line":194,"column":42},"end":{"line":194,"column":77}},{"start":{"line":194,"column":81},"end":{"line":194,"column":105}}]},"12":{"line":197,"type":"if","locations":[{"start":{"line":197,"column":4},"end":{"line":197,"column":4}},{"start":{"line":197,"column":4},"end":{"line":197,"column":4}}]},"13":{"line":199,"type":"switch","locations":[{"start":{"line":200,"column":10},"end":{"line":205,"column":18}},{"start":{"line":206,"column":10},"end":{"line":217,"column":18}},{"start":{"line":218,"column":10},"end":{"line":220,"column":18}},{"start":{"line":221,"column":10},"end":{"line":225,"column":18}}]},"14":{"line":202,"type":"if","locations":[{"start":{"line":202,"column":12},"end":{"line":202,"column":12}},{"start":{"line":202,"column":12},"end":{"line":202,"column":12}}]},"15":{"line":209,"type":"if","locations":[{"start":{"line":209,"column":14},"end":{"line":209,"column":14}},{"start":{"line":209,"column":14},"end":{"line":209,"column":14}}]},"16":{"line":244,"type":"if","locations":[{"start":{"line":244,"column":4},"end":{"line":244,"column":4}},{"start":{"line":244,"column":4},"end":{"line":244,"column":4}}]},"17":{"line":244,"type":"binary-expr","locations":[{"start":{"line":244,"column":8},"end":{"line":244,"column":13}},{"start":{"line":244,"column":17},"end":{"line":244,"column":32}}]},"18":{"line":249,"type":"if","locations":[{"start":{"line":249,"column":4},"end":{"line":249,"column":4}},{"start":{"line":249,"column":4},"end":{"line":249,"column":4}}]},"19":{"line":249,"type":"binary-expr","locations":[{"start":{"line":249,"column":8},"end":{"line":249,"column":13}},{"start":{"line":249,"column":17},"end":{"line":249,"column":33}},{"start":{"line":249,"column":37},"end":{"line":249,"column":60}}]},"20":{"line":252,"type":"if","locations":[{"start":{"line":252,"column":4},"end":{"line":252,"column":4}},{"start":{"line":252,"column":4},"end":{"line":252,"column":4}}]},"21":{"line":252,"type":"binary-expr","locations":[{"start":{"line":252,"column":8},"end":{"line":252,"column":12}},{"start":{"line":252,"column":16},"end":{"line":252,"column":35}}]},"22":{"line":268,"type":"if","locations":[{"start":{"line":268,"column":4},"end":{"line":268,"column":4}},{"start":{"line":268,"column":4},"end":{"line":268,"column":4}}]},"23":{"line":268,"type":"binary-expr","locations":[{"start":{"line":268,"column":8},"end":{"line":268,"column":13}},{"start":{"line":268,"column":17},"end":{"line":268,"column":33}},{"start":{"line":268,"column":37},"end":{"line":268,"column":60}}]}}},"/Users/emmanuelnyachoke/Code/Mekom/con-tainer2sul/lib/docker.js":{"path":"/Users/emmanuelnyachoke/Code/Mekom/con-tainer2sul/lib/docker.js","s":{"1":7,"2":7,"3":7,"4":7,"5":6,"6":6,"7":6,"8":6,"9":6,"10":6,"11":6,"12":5,"13":4,"14":4,"15":4,"16":4,"17":4,"18":5,"19":1,"20":1,"21":2,"22":1,"23":1,"24":1,"25":1,"26":7},"b":{"1":[1,1]},"f":{"1":6,"2":6,"3":1},"fnMap":{"1":{"name":"(anonymous_1)","line":9,"loc":{"start":{"line":9,"column":14},"end":{"line":9,"column":34}}},"2":{"name":"(anonymous_2)","line":20,"loc":{"start":{"line":20,"column":8},"end":{"line":20,"column":11}}},"3":{"name":"(anonymous_3)","line":50,"loc":{"start":{"line":50,"column":13},"end":{"line":50,"column":16}}}},"statementMap":{"1":{"start":{"line":3,"column":0},"end":{"line":3,"column":39}},"2":{"start":{"line":4,"column":0},"end":{"line":4,"column":54}},"3":{"start":{"line":5,"column":0},"end":{"line":5,"column":46}},"4":{"start":{"line":6,"column":0},"end":{"line":6,"column":36}},"5":{"start":{"line":10,"column":4},"end":{"line":10,"column":47}},"6":{"start":{"line":12,"column":4},"end":{"line":12,"column":50}},"7":{"start":{"line":13,"column":4},"end":{"line":13,"column":52}},"8":{"start":{"line":14,"column":4},"end":{"line":14,"column":32}},"9":{"start":{"line":15,"column":4},"end":{"line":17,"column":7}},"10":{"start":{"line":21,"column":4},"end":{"line":47,"column":9}},"11":{"start":{"line":22,"column":6},"end":{"line":22,"column":26}},"12":{"start":{"line":24,"column":6},"end":{"line":32,"column":9}},"13":{"start":{"line":25,"column":8},"end":{"line":25,"column":63}},"14":{"start":{"line":27,"column":8},"end":{"line":31,"column":13}},"15":{"start":{"line":29,"column":12},"end":{"line":29,"column":99}},"16":{"start":{"line":29,"column":50},"end":{"line":29,"column":71}},"17":{"start":{"line":30,"column":12},"end":{"line":30,"column":22}},"18":{"start":{"line":34,"column":6},"end":{"line":37,"column":9}},"19":{"start":{"line":35,"column":8},"end":{"line":35,"column":82}},"20":{"start":{"line":36,"column":8},"end":{"line":36,"column":28}},"21":{"start":{"line":41,"column":8},"end":{"line":43,"column":9}},"22":{"start":{"line":42,"column":10},"end":{"line":42,"column":30}},"23":{"start":{"line":45,"column":8},"end":{"line":45,"column":48}},"24":{"start":{"line":46,"column":8},"end":{"line":46,"column":37}},"25":{"start":{"line":51,"column":4},"end":{"line":51,"column":40}},"26":{"start":{"line":55,"column":0},"end":{"line":55,"column":24}}},"branchMap":{"1":{"line":41,"type":"if","locations":[{"start":{"line":41,"column":8},"end":{"line":41,"column":8}},{"start":{"line":41,"column":8},"end":{"line":41,"column":8}}]}}},"/Users/emmanuelnyachoke/Code/Mekom/con-tainer2sul/lib/typedefs.js":{"path":"/Users/emmanuelnyachoke/Code/Mekom/con-tainer2sul/lib/typedefs.js","s":{},"b":{},"f":{},"fnMap":{},"statementMap":{},"branchMap":{}}}