{"/Users/emmanuelnyachoke/Code/Mekom/con-tainer2sul/lib/consul/catalog.js":{"path":"/Users/emmanuelnyachoke/Code/Mekom/con-tainer2sul/lib/consul/catalog.js","s":{"1":3,"2":1,"3":1,"4":1},"b":{},"f":{"1":3,"2":1,"3":1},"fnMap":{"1":{"name":"(anonymous_1)","line":4,"loc":{"start":{"line":4,"column":14},"end":{"line":4,"column":23}}},"2":{"name":"(anonymous_2)","line":8,"loc":{"start":{"line":8,"column":11},"end":{"line":8,"column":18}}},"3":{"name":"(anonymous_3)","line":12,"loc":{"start":{"line":12,"column":13},"end":{"line":12,"column":20}}}},"statementMap":{"1":{"start":{"line":5,"column":4},"end":{"line":5,"column":25}},"2":{"start":{"line":9,"column":4},"end":{"line":9,"column":58}},"3":{"start":{"line":13,"column":4},"end":{"line":13,"column":60}},"4":{"start":{"line":17,"column":0},"end":{"line":17,"column":25}}},"branchMap":{}},"/Users/emmanuelnyachoke/Code/Mekom/con-tainer2sul/lib/consul/kv.js":{"path":"/Users/emmanuelnyachoke/Code/Mekom/con-tainer2sul/lib/consul/kv.js","s":{"1":5,"2":1,"3":1,"4":1,"5":1,"6":1,"7":0,"8":1,"9":1},"b":{"1":[0,1]},"f":{"1":5,"2":1,"3":1,"4":1,"5":1},"fnMap":{"1":{"name":"(anonymous_1)","line":4,"loc":{"start":{"line":4,"column":14},"end":{"line":4,"column":23}}},"2":{"name":"(anonymous_2)","line":8,"loc":{"start":{"line":8,"column":7},"end":{"line":8,"column":16}}},"3":{"name":"(anonymous_3)","line":12,"loc":{"start":{"line":12,"column":6},"end":{"line":12,"column":19}}},"4":{"name":"(anonymous_4)","line":16,"loc":{"start":{"line":16,"column":6},"end":{"line":16,"column":12}}},"5":{"name":"(anonymous_5)","line":20,"loc":{"start":{"line":20,"column":9},"end":{"line":20,"column":24}}}},"statementMap":{"1":{"start":{"line":5,"column":4},"end":{"line":5,"column":25}},"2":{"start":{"line":9,"column":4},"end":{"line":9,"column":53}},"3":{"start":{"line":13,"column":4},"end":{"line":13,"column":52}},"4":{"start":{"line":17,"column":4},"end":{"line":17,"column":49}},"5":{"start":{"line":21,"column":4},"end":{"line":21,"column":30}},"6":{"start":{"line":23,"column":4},"end":{"line":25,"column":5}},"7":{"start":{"line":24,"column":6},"end":{"line":24,"column":24}},"8":{"start":{"line":27,"column":4},"end":{"line":27,"column":36}},"9":{"start":{"line":31,"column":0},"end":{"line":31,"column":20}}},"branchMap":{"1":{"line":23,"type":"if","locations":[{"start":{"line":23,"column":4},"end":{"line":23,"column":4}},{"start":{"line":23,"column":4},"end":{"line":23,"column":4}}]}}},"/Users/emmanuelnyachoke/Code/Mekom/con-tainer2sul/lib/errors/skipError.js":{"path":"/Users/emmanuelnyachoke/Code/Mekom/con-tainer2sul/lib/errors/skipError.js","s":{"1":1,"2":1},"b":{},"f":{"1":1},"fnMap":{"1":{"name":"(anonymous_1)","line":4,"loc":{"start":{"line":4,"column":14},"end":{"line":4,"column":20}}}},"statementMap":{"1":{"start":{"line":5,"column":4},"end":{"line":5,"column":15}},"2":{"start":{"line":9,"column":0},"end":{"line":9,"column":27}}},"branchMap":{}},"/Users/emmanuelnyachoke/Code/Mekom/con-tainer2sul/lib/consul/index.js":{"path":"/Users/emmanuelnyachoke/Code/Mekom/con-tainer2sul/lib/consul/index.js","s":{"1":1,"2":1,"3":1,"4":6,"5":6,"6":6,"7":6,"8":2,"9":2,"10":2,"11":2,"12":0,"13":0,"14":0,"15":0,"16":0,"17":0,"18":0,"19":2,"20":1,"21":2,"22":1,"23":2,"24":1,"25":2,"26":1,"27":1,"28":1,"29":1},"b":{"1":[6,6],"2":[2,0],"3":[1,1],"4":[0,0],"5":[1,1],"6":[1,1]},"f":{"1":6,"2":2,"3":1,"4":2,"5":1,"6":1,"7":1},"fnMap":{"1":{"name":"(anonymous_1)","line":7,"loc":{"start":{"line":7,"column":13},"end":{"line":7,"column":22}}},"2":{"name":"(anonymous_2)","line":15,"loc":{"start":{"line":15,"column":7},"end":{"line":15,"column":27}}},"3":{"name":"(anonymous_3)","line":48,"loc":{"start":{"line":48,"column":6},"end":{"line":48,"column":12}}},"4":{"name":"(anonymous_4)","line":62,"loc":{"start":{"line":62,"column":6},"end":{"line":62,"column":18}}},"5":{"name":"(anonymous_5)","line":70,"loc":{"start":{"line":70,"column":9},"end":{"line":70,"column":15}}},"6":{"name":"(anonymous_6)","line":74,"loc":{"start":{"line":74,"column":13},"end":{"line":74,"column":16}}},"7":{"name":"(anonymous_7)","line":78,"loc":{"start":{"line":78,"column":8},"end":{"line":78,"column":11}}}},"statementMap":{"1":{"start":{"line":2,"column":0},"end":{"line":2,"column":31}},"2":{"start":{"line":3,"column":0},"end":{"line":3,"column":37}},"3":{"start":{"line":4,"column":0},"end":{"line":4,"column":27}},"4":{"start":{"line":8,"column":4},"end":{"line":8,"column":28}},"5":{"start":{"line":9,"column":4},"end":{"line":9,"column":28}},"6":{"start":{"line":11,"column":4},"end":{"line":11,"column":26}},"7":{"start":{"line":12,"column":4},"end":{"line":12,"column":33}},"8":{"start":{"line":16,"column":4},"end":{"line":19,"column":5}},"9":{"start":{"line":17,"column":6},"end":{"line":17,"column":47}},"10":{"start":{"line":18,"column":6},"end":{"line":18,"column":33}},"11":{"start":{"line":20,"column":4},"end":{"line":40,"column":6}},"12":{"start":{"line":26,"column":10},"end":{"line":26,"column":19}},"13":{"start":{"line":27,"column":10},"end":{"line":29,"column":11}},"14":{"start":{"line":28,"column":12},"end":{"line":28,"column":22}},"15":{"start":{"line":30,"column":10},"end":{"line":36,"column":11}},"16":{"start":{"line":31,"column":12},"end":{"line":31,"column":36}},"17":{"start":{"line":33,"column":12},"end":{"line":35,"column":14}},"18":{"start":{"line":37,"column":10},"end":{"line":37,"column":22}},"19":{"start":{"line":42,"column":4},"end":{"line":44,"column":5}},"20":{"start":{"line":43,"column":6},"end":{"line":43,"column":26}},"21":{"start":{"line":45,"column":4},"end":{"line":45,"column":26}},"22":{"start":{"line":49,"column":4},"end":{"line":49,"column":34}},"23":{"start":{"line":63,"column":4},"end":{"line":65,"column":5}},"24":{"start":{"line":64,"column":6},"end":{"line":64,"column":32}},"25":{"start":{"line":67,"column":4},"end":{"line":67,"column":40}},"26":{"start":{"line":71,"column":4},"end":{"line":71,"column":37}},"27":{"start":{"line":75,"column":4},"end":{"line":75,"column":29}},"28":{"start":{"line":79,"column":4},"end":{"line":79,"column":24}},"29":{"start":{"line":83,"column":0},"end":{"line":83,"column":24}}},"branchMap":{"1":{"line":12,"type":"binary-expr","locations":[{"start":{"line":12,"column":14},"end":{"line":12,"column":23}},{"start":{"line":12,"column":27},"end":{"line":12,"column":32}}]},"2":{"line":16,"type":"if","locations":[{"start":{"line":16,"column":4},"end":{"line":16,"column":4}},{"start":{"line":16,"column":4},"end":{"line":16,"column":4}}]},"3":{"line":17,"type":"cond-expr","locations":[{"start":{"line":17,"column":37},"end":{"line":17,"column":40}},{"start":{"line":17,"column":43},"end":{"line":17,"column":46}}]},"4":{"line":27,"type":"if","locations":[{"start":{"line":27,"column":10},"end":{"line":27,"column":10}},{"start":{"line":27,"column":10},"end":{"line":27,"column":10}}]},"5":{"line":42,"type":"if","locations":[{"start":{"line":42,"column":4},"end":{"line":42,"column":4}},{"start":{"line":42,"column":4},"end":{"line":42,"column":4}}]},"6":{"line":63,"type":"if","locations":[{"start":{"line":63,"column":4},"end":{"line":63,"column":4}},{"start":{"line":63,"column":4},"end":{"line":63,"column":4}}]}}},"/Users/emmanuelnyachoke/Code/Mekom/con-tainer2sul/lib/container-to-consul.js":{"path":"/Users/emmanuelnyachoke/Code/Mekom/con-tainer2sul/lib/container-to-consul.js","s":{"1":22,"2":22,"3":22,"4":22,"5":22,"6":22,"7":21,"8":21,"9":21,"10":21,"11":21,"12":25,"13":2,"14":1,"15":1,"16":1,"17":25,"18":2,"19":1,"20":1,"21":1,"22":5,"23":5,"24":2,"25":1,"26":1,"27":4,"28":6,"29":6,"30":1,"31":1,"32":5,"33":4,"34":1,"35":1,"36":3,"37":3,"38":2,"39":2,"40":1,"41":2,"42":4,"43":4,"44":4,"45":2,"46":1,"47":1,"48":1,"49":2,"50":2,"51":2,"52":1,"53":1,"54":1,"55":1,"56":2,"57":2,"58":2,"59":0,"60":0,"61":0,"62":0,"63":0,"64":2,"65":2,"66":1,"67":1,"68":1,"69":1,"70":3,"71":3,"72":3,"73":3,"74":3,"75":3,"76":0,"77":3,"78":3,"79":10,"80":2,"81":2,"82":1,"83":2,"84":2,"85":2,"86":2,"87":1,"88":0,"89":2,"90":1,"91":1,"92":1,"93":2,"94":1,"95":1,"96":1,"97":3,"98":3,"99":3,"100":3,"101":1,"102":3,"103":3,"104":1,"105":3,"106":2,"107":3,"108":3,"109":5,"110":5,"111":1,"112":5,"113":22},"b":{"1":[1,1],"2":[2,1],"3":[1,0],"4":[4,1],"5":[5,4],"6":[1,1],"7":[2,0],"8":[0,0],"9":[3,0],"10":[0,3],"11":[3,3,3],"12":[3,0],"13":[2,2,1,1,1],"14":[1,1],"15":[1,1],"16":[1,2],"17":[3,1],"18":[1,2],"19":[3,2,1],"20":[2,1],"21":[3,2],"22":[1,4],"23":[5,3,1]},"f":{"1":21,"2":25,"3":5,"4":1,"5":4,"6":2,"7":2,"8":3,"9":3,"10":5},"fnMap":{"1":{"name":"(anonymous_1)","line":11,"loc":{"start":{"line":11,"column":13},"end":{"line":11,"column":22}}},"2":{"name":"(anonymous_2)","line":21,"loc":{"start":{"line":21,"column":15},"end":{"line":21,"column":18}}},"3":{"name":"(anonymous_3)","line":42,"loc":{"start":{"line":42,"column":7},"end":{"line":42,"column":10}}},"4":{"name":"(anonymous_4)","line":86,"loc":{"start":{"line":86,"column":20},"end":{"line":86,"column":33}}},"5":{"name":"(anonymous_5)","line":95,"loc":{"start":{"line":95,"column":19},"end":{"line":95,"column":31}}},"6":{"name":"(anonymous_6)","line":128,"loc":{"start":{"line":128,"column":21},"end":{"line":128,"column":33}}},"7":{"name":"(anonymous_7)","line":157,"loc":{"start":{"line":157,"column":19},"end":{"line":157,"column":29}}},"8":{"name":"(anonymous_8)","line":175,"loc":{"start":{"line":175,"column":19},"end":{"line":175,"column":31}}},"9":{"name":"(anonymous_9)","line":247,"loc":{"start":{"line":247,"column":22},"end":{"line":247,"column":34}}},"10":{"name":"(anonymous_10)","line":272,"loc":{"start":{"line":272,"column":18},"end":{"line":272,"column":30}}}},"statementMap":{"1":{"start":{"line":3,"column":0},"end":{"line":3,"column":33}},"2":{"start":{"line":4,"column":0},"end":{"line":4,"column":35}},"3":{"start":{"line":5,"column":0},"end":{"line":5,"column":35}},"4":{"start":{"line":6,"column":0},"end":{"line":6,"column":36}},"5":{"start":{"line":7,"column":0},"end":{"line":7,"column":48}},"6":{"start":{"line":8,"column":0},"end":{"line":8,"column":42}},"7":{"start":{"line":12,"column":4},"end":{"line":12,"column":25}},"8":{"start":{"line":14,"column":4},"end":{"line":14,"column":44}},"9":{"start":{"line":15,"column":4},"end":{"line":15,"column":35}},"10":{"start":{"line":16,"column":4},"end":{"line":16,"column":50}},"11":{"start":{"line":18,"column":4},"end":{"line":18,"column":25}},"12":{"start":{"line":22,"column":4},"end":{"line":30,"column":7}},"13":{"start":{"line":23,"column":6},"end":{"line":29,"column":11}},"14":{"start":{"line":25,"column":27},"end":{"line":25,"column":60}},"15":{"start":{"line":27,"column":10},"end":{"line":27,"column":32}},"16":{"start":{"line":28,"column":10},"end":{"line":28,"column":22}},"17":{"start":{"line":31,"column":4},"end":{"line":39,"column":7}},"18":{"start":{"line":32,"column":6},"end":{"line":38,"column":11}},"19":{"start":{"line":34,"column":27},"end":{"line":34,"column":87}},"20":{"start":{"line":36,"column":10},"end":{"line":36,"column":32}},"21":{"start":{"line":37,"column":10},"end":{"line":37,"column":22}},"22":{"start":{"line":43,"column":4},"end":{"line":78,"column":9}},"23":{"start":{"line":45,"column":18},"end":{"line":51,"column":10}},"24":{"start":{"line":47,"column":10},"end":{"line":49,"column":11}},"25":{"start":{"line":48,"column":12},"end":{"line":48,"column":22}},"26":{"start":{"line":50,"column":10},"end":{"line":50,"column":22}},"27":{"start":{"line":53,"column":8},"end":{"line":71,"column":12}},"28":{"start":{"line":54,"column":10},"end":{"line":70,"column":15}},"29":{"start":{"line":56,"column":14},"end":{"line":69,"column":19}},"30":{"start":{"line":59,"column":18},"end":{"line":61,"column":19}},"31":{"start":{"line":60,"column":20},"end":{"line":60,"column":55}},"32":{"start":{"line":64,"column":18},"end":{"line":66,"column":19}},"33":{"start":{"line":65,"column":20},"end":{"line":65,"column":55}},"34":{"start":{"line":67,"column":18},"end":{"line":67,"column":40}},"35":{"start":{"line":68,"column":18},"end":{"line":68,"column":30}},"36":{"start":{"line":73,"column":18},"end":{"line":73,"column":42}},"37":{"start":{"line":74,"column":26},"end":{"line":74,"column":61}},"38":{"start":{"line":76,"column":8},"end":{"line":76,"column":30}},"39":{"start":{"line":77,"column":8},"end":{"line":77,"column":20}},"40":{"start":{"line":87,"column":4},"end":{"line":87,"column":87}},"41":{"start":{"line":87,"column":51},"end":{"line":87,"column":84}},"42":{"start":{"line":96,"column":4},"end":{"line":96,"column":16}},"43":{"start":{"line":98,"column":4},"end":{"line":108,"column":5}},"44":{"start":{"line":99,"column":6},"end":{"line":99,"column":50}},"45":{"start":{"line":102,"column":6},"end":{"line":105,"column":7}},"46":{"start":{"line":103,"column":8},"end":{"line":103,"column":33}},"47":{"start":{"line":104,"column":8},"end":{"line":104,"column":33}},"48":{"start":{"line":107,"column":6},"end":{"line":107,"column":31}},"49":{"start":{"line":110,"column":4},"end":{"line":110,"column":52}},"50":{"start":{"line":112,"column":4},"end":{"line":119,"column":9}},"51":{"start":{"line":113,"column":18},"end":{"line":113,"column":55}},"52":{"start":{"line":114,"column":18},"end":{"line":114,"column":112}},"53":{"start":{"line":116,"column":8},"end":{"line":116,"column":88}},"54":{"start":{"line":117,"column":8},"end":{"line":117,"column":30}},"55":{"start":{"line":118,"column":8},"end":{"line":118,"column":20}},"56":{"start":{"line":129,"column":4},"end":{"line":132,"column":57}},"57":{"start":{"line":134,"column":4},"end":{"line":136,"column":5}},"58":{"start":{"line":135,"column":6},"end":{"line":135,"column":31}},"59":{"start":{"line":138,"column":4},"end":{"line":146,"column":7}},"60":{"start":{"line":139,"column":6},"end":{"line":145,"column":7}},"61":{"start":{"line":140,"column":8},"end":{"line":142,"column":28}},"62":{"start":{"line":144,"column":8},"end":{"line":144,"column":81}},"63":{"start":{"line":148,"column":4},"end":{"line":148,"column":33}},"64":{"start":{"line":158,"column":4},"end":{"line":158,"column":54}},"65":{"start":{"line":160,"column":4},"end":{"line":166,"column":9}},"66":{"start":{"line":161,"column":18},"end":{"line":161,"column":72}},"67":{"start":{"line":162,"column":18},"end":{"line":162,"column":68}},"68":{"start":{"line":164,"column":8},"end":{"line":164,"column":30}},"69":{"start":{"line":165,"column":8},"end":{"line":165,"column":20}},"70":{"start":{"line":176,"column":4},"end":{"line":185,"column":6}},"71":{"start":{"line":186,"column":4},"end":{"line":189,"column":17}},"72":{"start":{"line":191,"column":4},"end":{"line":193,"column":5}},"73":{"start":{"line":192,"column":6},"end":{"line":192,"column":43}},"74":{"start":{"line":195,"column":4},"end":{"line":195,"column":50}},"75":{"start":{"line":197,"column":4},"end":{"line":199,"column":5}},"76":{"start":{"line":198,"column":6},"end":{"line":198,"column":87}},"77":{"start":{"line":200,"column":4},"end":{"line":234,"column":5}},"78":{"start":{"line":201,"column":6},"end":{"line":233,"column":9}},"79":{"start":{"line":202,"column":8},"end":{"line":232,"column":9}},"80":{"start":{"line":204,"column":12},"end":{"line":204,"column":42}},"81":{"start":{"line":205,"column":12},"end":{"line":207,"column":13}},"82":{"start":{"line":206,"column":14},"end":{"line":206,"column":52}},"83":{"start":{"line":208,"column":12},"end":{"line":208,"column":18}},"84":{"start":{"line":210,"column":12},"end":{"line":219,"column":13}},"85":{"start":{"line":211,"column":14},"end":{"line":211,"column":59}},"86":{"start":{"line":212,"column":14},"end":{"line":214,"column":15}},"87":{"start":{"line":213,"column":16},"end":{"line":213,"column":44}},"88":{"start":{"line":218,"column":14},"end":{"line":218,"column":32}},"89":{"start":{"line":220,"column":12},"end":{"line":220,"column":18}},"90":{"start":{"line":222,"column":12},"end":{"line":222,"column":50}},"91":{"start":{"line":223,"column":12},"end":{"line":223,"column":18}},"92":{"start":{"line":225,"column":12},"end":{"line":227,"column":38}},"93":{"start":{"line":227,"column":26},"end":{"line":227,"column":36}},"94":{"start":{"line":228,"column":12},"end":{"line":228,"column":18}},"95":{"start":{"line":230,"column":12},"end":{"line":230,"column":54}},"96":{"start":{"line":231,"column":12},"end":{"line":231,"column":18}},"97":{"start":{"line":236,"column":4},"end":{"line":236,"column":39}},"98":{"start":{"line":238,"column":4},"end":{"line":238,"column":19}},"99":{"start":{"line":248,"column":4},"end":{"line":248,"column":30}},"100":{"start":{"line":250,"column":4},"end":{"line":252,"column":5}},"101":{"start":{"line":251,"column":6},"end":{"line":251,"column":32}},"102":{"start":{"line":254,"column":4},"end":{"line":254,"column":32}},"103":{"start":{"line":255,"column":4},"end":{"line":257,"column":5}},"104":{"start":{"line":256,"column":6},"end":{"line":256,"column":37}},"105":{"start":{"line":258,"column":4},"end":{"line":260,"column":5}},"106":{"start":{"line":259,"column":6},"end":{"line":259,"column":33}},"107":{"start":{"line":261,"column":4},"end":{"line":261,"column":35}},"108":{"start":{"line":263,"column":4},"end":{"line":263,"column":16}},"109":{"start":{"line":273,"column":4},"end":{"line":273,"column":32}},"110":{"start":{"line":274,"column":4},"end":{"line":276,"column":5}},"111":{"start":{"line":275,"column":6},"end":{"line":275,"column":37}},"112":{"start":{"line":277,"column":4},"end":{"line":277,"column":16}},"113":{"start":{"line":282,"column":0},"end":{"line":282,"column":35}}},"branchMap":{"1":{"line":47,"type":"if","locations":[{"start":{"line":47,"column":10},"end":{"line":47,"column":10}},{"start":{"line":47,"column":10},"end":{"line":47,"column":10}}]},"2":{"line":47,"type":"binary-expr","locations":[{"start":{"line":47,"column":14},"end":{"line":47,"column":30}},{"start":{"line":47,"column":34},"end":{"line":47,"column":58}}]},"3":{"line":59,"type":"if","locations":[{"start":{"line":59,"column":18},"end":{"line":59,"column":18}},{"start":{"line":59,"column":18},"end":{"line":59,"column":18}}]},"4":{"line":64,"type":"if","locations":[{"start":{"line":64,"column":18},"end":{"line":64,"column":18}},{"start":{"line":64,"column":18},"end":{"line":64,"column":18}}]},"5":{"line":64,"type":"binary-expr","locations":[{"start":{"line":64,"column":22},"end":{"line":64,"column":38}},{"start":{"line":64,"column":42},"end":{"line":64,"column":66}}]},"6":{"line":102,"type":"if","locations":[{"start":{"line":102,"column":6},"end":{"line":102,"column":6}},{"start":{"line":102,"column":6},"end":{"line":102,"column":6}}]},"7":{"line":134,"type":"if","locations":[{"start":{"line":134,"column":4},"end":{"line":134,"column":4}},{"start":{"line":134,"column":4},"end":{"line":134,"column":4}}]},"8":{"line":139,"type":"if","locations":[{"start":{"line":139,"column":6},"end":{"line":139,"column":6}},{"start":{"line":139,"column":6},"end":{"line":139,"column":6}}]},"9":{"line":191,"type":"if","locations":[{"start":{"line":191,"column":4},"end":{"line":191,"column":4}},{"start":{"line":191,"column":4},"end":{"line":191,"column":4}}]},"10":{"line":197,"type":"if","locations":[{"start":{"line":197,"column":4},"end":{"line":197,"column":4}},{"start":{"line":197,"column":4},"end":{"line":197,"column":4}}]},"11":{"line":197,"type":"binary-expr","locations":[{"start":{"line":197,"column":8},"end":{"line":197,"column":38}},{"start":{"line":197,"column":42},"end":{"line":197,"column":77}},{"start":{"line":197,"column":81},"end":{"line":197,"column":105}}]},"12":{"line":200,"type":"if","locations":[{"start":{"line":200,"column":4},"end":{"line":200,"column":4}},{"start":{"line":200,"column":4},"end":{"line":200,"column":4}}]},"13":{"line":202,"type":"switch","locations":[{"start":{"line":203,"column":10},"end":{"line":208,"column":18}},{"start":{"line":209,"column":10},"end":{"line":220,"column":18}},{"start":{"line":221,"column":10},"end":{"line":223,"column":18}},{"start":{"line":224,"column":10},"end":{"line":228,"column":18}},{"start":{"line":229,"column":10},"end":{"line":231,"column":18}}]},"14":{"line":205,"type":"if","locations":[{"start":{"line":205,"column":12},"end":{"line":205,"column":12}},{"start":{"line":205,"column":12},"end":{"line":205,"column":12}}]},"15":{"line":212,"type":"if","locations":[{"start":{"line":212,"column":14},"end":{"line":212,"column":14}},{"start":{"line":212,"column":14},"end":{"line":212,"column":14}}]},"16":{"line":250,"type":"if","locations":[{"start":{"line":250,"column":4},"end":{"line":250,"column":4}},{"start":{"line":250,"column":4},"end":{"line":250,"column":4}}]},"17":{"line":250,"type":"binary-expr","locations":[{"start":{"line":250,"column":8},"end":{"line":250,"column":13}},{"start":{"line":250,"column":17},"end":{"line":250,"column":32}}]},"18":{"line":255,"type":"if","locations":[{"start":{"line":255,"column":4},"end":{"line":255,"column":4}},{"start":{"line":255,"column":4},"end":{"line":255,"column":4}}]},"19":{"line":255,"type":"binary-expr","locations":[{"start":{"line":255,"column":8},"end":{"line":255,"column":13}},{"start":{"line":255,"column":17},"end":{"line":255,"column":33}},{"start":{"line":255,"column":37},"end":{"line":255,"column":60}}]},"20":{"line":258,"type":"if","locations":[{"start":{"line":258,"column":4},"end":{"line":258,"column":4}},{"start":{"line":258,"column":4},"end":{"line":258,"column":4}}]},"21":{"line":258,"type":"binary-expr","locations":[{"start":{"line":258,"column":8},"end":{"line":258,"column":12}},{"start":{"line":258,"column":16},"end":{"line":258,"column":35}}]},"22":{"line":274,"type":"if","locations":[{"start":{"line":274,"column":4},"end":{"line":274,"column":4}},{"start":{"line":274,"column":4},"end":{"line":274,"column":4}}]},"23":{"line":274,"type":"binary-expr","locations":[{"start":{"line":274,"column":8},"end":{"line":274,"column":13}},{"start":{"line":274,"column":17},"end":{"line":274,"column":33}},{"start":{"line":274,"column":37},"end":{"line":274,"column":60}}]}}},"/Users/emmanuelnyachoke/Code/Mekom/con-tainer2sul/lib/parse-key-pair.js":{"path":"/Users/emmanuelnyachoke/Code/Mekom/con-tainer2sul/lib/parse-key-pair.js","s":{"1":1,"2":1,"3":1,"4":1,"5":1,"6":1,"7":1,"8":0,"9":1,"10":0,"11":1,"12":0,"13":1,"14":0,"15":1,"16":0,"17":1,"18":0,"19":1,"20":1,"21":0,"22":1,"23":1,"24":1},"b":{"1":[1,0],"2":[1,1],"3":[1,0],"4":[0,1],"5":[0,1],"6":[0,1],"7":[0,1],"8":[0,1],"9":[1,0],"10":[0,1]},"f":{"1":1,"2":1},"fnMap":{"1":{"name":"parser","line":1,"loc":{"start":{"line":1,"column":0},"end":{"line":1,"column":33}}},"2":{"name":"(anonymous_2)","line":29,"loc":{"start":{"line":29,"column":17},"end":{"line":29,"column":43}}}},"statementMap":{"1":{"start":{"line":1,"column":0},"end":{"line":27,"column":1}},"2":{"start":{"line":3,"column":2},"end":{"line":3,"column":161}},"3":{"start":{"line":4,"column":2},"end":{"line":26,"column":3}},"4":{"start":{"line":5,"column":4},"end":{"line":5,"column":71}},"5":{"start":{"line":6,"column":4},"end":{"line":22,"column":5}},"6":{"start":{"line":7,"column":6},"end":{"line":7,"column":76}},"7":{"start":{"line":9,"column":6},"end":{"line":19,"column":7}},"8":{"start":{"line":10,"column":8},"end":{"line":10,"column":39}},"9":{"start":{"line":11,"column":13},"end":{"line":19,"column":7}},"10":{"start":{"line":12,"column":8},"end":{"line":12,"column":33}},"11":{"start":{"line":13,"column":13},"end":{"line":19,"column":7}},"12":{"start":{"line":14,"column":8},"end":{"line":14,"column":28}},"13":{"start":{"line":15,"column":13},"end":{"line":19,"column":7}},"14":{"start":{"line":16,"column":8},"end":{"line":16,"column":29}},"15":{"start":{"line":18,"column":8},"end":{"line":18,"column":27}},"16":{"start":{"line":21,"column":6},"end":{"line":21,"column":44}},"17":{"start":{"line":23,"column":4},"end":{"line":25,"column":5}},"18":{"start":{"line":24,"column":6},"end":{"line":24,"column":33}},"19":{"start":{"line":29,"column":0},"end":{"line":38,"column":2}},"20":{"start":{"line":31,"column":2},"end":{"line":37,"column":3}},"21":{"start":{"line":32,"column":4},"end":{"line":32,"column":27}},"22":{"start":{"line":34,"column":4},"end":{"line":34,"column":16}},"23":{"start":{"line":35,"column":4},"end":{"line":35,"column":27}},"24":{"start":{"line":36,"column":4},"end":{"line":36,"column":18}}},"branchMap":{"1":{"line":4,"type":"if","locations":[{"start":{"line":4,"column":2},"end":{"line":4,"column":2}},{"start":{"line":4,"column":2},"end":{"line":4,"column":2}}]},"2":{"line":4,"type":"binary-expr","locations":[{"start":{"line":4,"column":6},"end":{"line":4,"column":12}},{"start":{"line":4,"column":16},"end":{"line":4,"column":25}}]},"3":{"line":6,"type":"if","locations":[{"start":{"line":6,"column":4},"end":{"line":6,"column":4}},{"start":{"line":6,"column":4},"end":{"line":6,"column":4}}]},"4":{"line":9,"type":"if","locations":[{"start":{"line":9,"column":6},"end":{"line":9,"column":6}},{"start":{"line":9,"column":6},"end":{"line":9,"column":6}}]},"5":{"line":11,"type":"if","locations":[{"start":{"line":11,"column":13},"end":{"line":11,"column":13}},{"start":{"line":11,"column":13},"end":{"line":11,"column":13}}]},"6":{"line":13,"type":"if","locations":[{"start":{"line":13,"column":13},"end":{"line":13,"column":13}},{"start":{"line":13,"column":13},"end":{"line":13,"column":13}}]},"7":{"line":15,"type":"if","locations":[{"start":{"line":15,"column":13},"end":{"line":15,"column":13}},{"start":{"line":15,"column":13},"end":{"line":15,"column":13}}]},"8":{"line":23,"type":"if","locations":[{"start":{"line":23,"column":4},"end":{"line":23,"column":4}},{"start":{"line":23,"column":4},"end":{"line":23,"column":4}}]},"9":{"line":23,"type":"binary-expr","locations":[{"start":{"line":23,"column":8},"end":{"line":23,"column":17}},{"start":{"line":23,"column":21},"end":{"line":23,"column":41}}]},"10":{"line":31,"type":"if","locations":[{"start":{"line":31,"column":2},"end":{"line":31,"column":2}},{"start":{"line":31,"column":2},"end":{"line":31,"column":2}}]}}},"/Users/emmanuelnyachoke/Code/Mekom/con-tainer2sul/lib/docker.js":{"path":"/Users/emmanuelnyachoke/Code/Mekom/con-tainer2sul/lib/docker.js","s":{"1":7,"2":7,"3":7,"4":7,"5":6,"6":6,"7":6,"8":6,"9":6,"10":6,"11":6,"12":5,"13":4,"14":4,"15":4,"16":4,"17":4,"18":5,"19":1,"20":1,"21":2,"22":1,"23":1,"24":1,"25":1,"26":7},"b":{"1":[1,1]},"f":{"1":6,"2":6,"3":1},"fnMap":{"1":{"name":"(anonymous_1)","line":9,"loc":{"start":{"line":9,"column":14},"end":{"line":9,"column":34}}},"2":{"name":"(anonymous_2)","line":20,"loc":{"start":{"line":20,"column":8},"end":{"line":20,"column":11}}},"3":{"name":"(anonymous_3)","line":50,"loc":{"start":{"line":50,"column":13},"end":{"line":50,"column":16}}}},"statementMap":{"1":{"start":{"line":3,"column":0},"end":{"line":3,"column":39}},"2":{"start":{"line":4,"column":0},"end":{"line":4,"column":54}},"3":{"start":{"line":5,"column":0},"end":{"line":5,"column":46}},"4":{"start":{"line":6,"column":0},"end":{"line":6,"column":36}},"5":{"start":{"line":10,"column":4},"end":{"line":10,"column":47}},"6":{"start":{"line":12,"column":4},"end":{"line":12,"column":50}},"7":{"start":{"line":13,"column":4},"end":{"line":13,"column":52}},"8":{"start":{"line":14,"column":4},"end":{"line":14,"column":32}},"9":{"start":{"line":15,"column":4},"end":{"line":17,"column":7}},"10":{"start":{"line":21,"column":4},"end":{"line":47,"column":9}},"11":{"start":{"line":22,"column":6},"end":{"line":22,"column":26}},"12":{"start":{"line":24,"column":6},"end":{"line":32,"column":9}},"13":{"start":{"line":25,"column":8},"end":{"line":25,"column":63}},"14":{"start":{"line":27,"column":8},"end":{"line":31,"column":13}},"15":{"start":{"line":29,"column":12},"end":{"line":29,"column":99}},"16":{"start":{"line":29,"column":50},"end":{"line":29,"column":71}},"17":{"start":{"line":30,"column":12},"end":{"line":30,"column":22}},"18":{"start":{"line":34,"column":6},"end":{"line":37,"column":9}},"19":{"start":{"line":35,"column":8},"end":{"line":35,"column":82}},"20":{"start":{"line":36,"column":8},"end":{"line":36,"column":28}},"21":{"start":{"line":41,"column":8},"end":{"line":43,"column":9}},"22":{"start":{"line":42,"column":10},"end":{"line":42,"column":30}},"23":{"start":{"line":45,"column":8},"end":{"line":45,"column":48}},"24":{"start":{"line":46,"column":8},"end":{"line":46,"column":37}},"25":{"start":{"line":51,"column":4},"end":{"line":51,"column":40}},"26":{"start":{"line":55,"column":0},"end":{"line":55,"column":24}}},"branchMap":{"1":{"line":41,"type":"if","locations":[{"start":{"line":41,"column":8},"end":{"line":41,"column":8}},{"start":{"line":41,"column":8},"end":{"line":41,"column":8}}]}}},"/Users/emmanuelnyachoke/Code/Mekom/con-tainer2sul/lib/typedefs.js":{"path":"/Users/emmanuelnyachoke/Code/Mekom/con-tainer2sul/lib/typedefs.js","s":{},"b":{},"f":{},"fnMap":{},"statementMap":{},"branchMap":{}}}