TN:
SF:/Users/emmanuelnyachoke/Code/Mekom/con-tainer2sul/lib/consul/catalog.js
FN:4,(anonymous_1)
FN:8,(anonymous_2)
FN:12,(anonymous_3)
FNF:3
FNH:3
FNDA:3,(anonymous_1)
FNDA:1,(anonymous_2)
FNDA:1,(anonymous_3)
DA:5,3
DA:9,1
DA:13,1
DA:17,1
LF:4
LH:4
BRF:0
BRH:0
end_of_record
TN:
SF:/Users/emmanuelnyachoke/Code/Mekom/con-tainer2sul/lib/consul/kv.js
FN:4,(anonymous_1)
FN:8,(anonymous_2)
FN:12,(anonymous_3)
FN:16,(anonymous_4)
FN:20,(anonymous_5)
FNF:5
FNH:5
FNDA:5,(anonymous_1)
FNDA:1,(anonymous_2)
FNDA:1,(anonymous_3)
FNDA:1,(anonymous_4)
FNDA:1,(anonymous_5)
DA:5,5
DA:9,1
DA:13,1
DA:17,1
DA:21,1
DA:23,1
DA:24,0
DA:27,1
DA:31,1
LF:9
LH:8
BRDA:23,1,0,0
BRDA:23,1,1,1
BRF:2
BRH:1
end_of_record
TN:
SF:/Users/emmanuelnyachoke/Code/Mekom/con-tainer2sul/lib/errors/skipError.js
FN:4,(anonymous_1)
FNF:1
FNH:1
FNDA:1,(anonymous_1)
DA:5,1
DA:9,1
LF:2
LH:2
BRF:0
BRH:0
end_of_record
TN:
SF:/Users/emmanuelnyachoke/Code/Mekom/con-tainer2sul/lib/consul/index.js
FN:7,(anonymous_1)
FN:15,(anonymous_2)
FN:48,(anonymous_3)
FN:62,(anonymous_4)
FN:70,(anonymous_5)
FN:74,(anonymous_6)
FN:78,(anonymous_7)
FNF:7
FNH:7
FNDA:6,(anonymous_1)
FNDA:2,(anonymous_2)
FNDA:1,(anonymous_3)
FNDA:2,(anonymous_4)
FNDA:1,(anonymous_5)
FNDA:1,(anonymous_6)
FNDA:1,(anonymous_7)
DA:2,1
DA:3,1
DA:4,1
DA:8,6
DA:9,6
DA:11,6
DA:12,6
DA:16,2
DA:17,2
DA:18,2
DA:20,2
DA:26,0
DA:27,0
DA:28,0
DA:30,0
DA:31,0
DA:33,0
DA:37,0
DA:42,2
DA:43,1
DA:45,2
DA:49,1
DA:63,2
DA:64,1
DA:67,2
DA:71,1
DA:75,1
DA:79,1
DA:83,1
LF:29
LH:22
BRDA:12,1,0,6
BRDA:12,1,1,6
BRDA:16,2,0,2
BRDA:16,2,1,0
BRDA:17,3,0,1
BRDA:17,3,1,1
BRDA:27,4,0,0
BRDA:27,4,1,0
BRDA:42,5,0,1
BRDA:42,5,1,1
BRDA:63,6,0,1
BRDA:63,6,1,1
BRF:12
BRH:9
end_of_record
TN:
SF:/Users/emmanuelnyachoke/Code/Mekom/con-tainer2sul/lib/container-to-consul.js
FN:11,(anonymous_1)
FN:21,(anonymous_2)
FN:42,(anonymous_3)
FN:86,(anonymous_4)
FN:95,(anonymous_5)
FN:128,(anonymous_6)
FN:157,(anonymous_7)
FN:175,(anonymous_8)
FN:247,(anonymous_9)
FN:272,(anonymous_10)
FNF:10
FNH:10
FNDA:21,(anonymous_1)
FNDA:25,(anonymous_2)
FNDA:5,(anonymous_3)
FNDA:1,(anonymous_4)
FNDA:4,(anonymous_5)
FNDA:2,(anonymous_6)
FNDA:2,(anonymous_7)
FNDA:3,(anonymous_8)
FNDA:3,(anonymous_9)
FNDA:5,(anonymous_10)
DA:3,22
DA:4,22
DA:5,22
DA:6,22
DA:7,22
DA:8,22
DA:12,21
DA:14,21
DA:15,21
DA:16,21
DA:18,21
DA:22,25
DA:23,2
DA:25,1
DA:27,1
DA:28,1
DA:31,25
DA:32,2
DA:34,1
DA:36,1
DA:37,1
DA:43,5
DA:45,5
DA:47,2
DA:48,1
DA:50,1
DA:53,4
DA:54,6
DA:56,6
DA:59,1
DA:60,1
DA:64,5
DA:65,4
DA:67,1
DA:68,1
DA:73,3
DA:74,3
DA:76,2
DA:77,2
DA:87,2
DA:96,4
DA:98,4
DA:99,4
DA:102,2
DA:103,1
DA:104,1
DA:107,1
DA:110,2
DA:112,2
DA:113,2
DA:114,1
DA:116,1
DA:117,1
DA:118,1
DA:129,2
DA:134,2
DA:135,2
DA:138,0
DA:139,0
DA:140,0
DA:144,0
DA:148,0
DA:158,2
DA:160,2
DA:161,1
DA:162,1
DA:164,1
DA:165,1
DA:176,3
DA:186,3
DA:191,3
DA:192,3
DA:195,3
DA:197,3
DA:198,0
DA:200,3
DA:201,3
DA:202,10
DA:204,2
DA:205,2
DA:206,1
DA:208,2
DA:210,2
DA:211,2
DA:212,2
DA:213,1
DA:218,0
DA:220,2
DA:222,1
DA:223,1
DA:225,1
DA:227,2
DA:228,1
DA:230,1
DA:231,1
DA:236,3
DA:238,3
DA:248,3
DA:250,3
DA:251,1
DA:254,3
DA:255,3
DA:256,1
DA:258,3
DA:259,2
DA:261,3
DA:263,3
DA:273,5
DA:274,5
DA:275,1
DA:277,5
DA:282,22
LF:112
LH:105
BRDA:47,1,0,1
BRDA:47,1,1,1
BRDA:47,2,0,2
BRDA:47,2,1,1
BRDA:59,3,0,1
BRDA:59,3,1,0
BRDA:64,4,0,4
BRDA:64,4,1,1
BRDA:64,5,0,5
BRDA:64,5,1,4
BRDA:102,6,0,1
BRDA:102,6,1,1
BRDA:134,7,0,2
BRDA:134,7,1,0
BRDA:139,8,0,0
BRDA:139,8,1,0
BRDA:191,9,0,3
BRDA:191,9,1,0
BRDA:197,10,0,0
BRDA:197,10,1,3
BRDA:197,11,0,3
BRDA:197,11,1,3
BRDA:197,11,2,3
BRDA:200,12,0,3
BRDA:200,12,1,0
BRDA:202,13,0,2
BRDA:202,13,1,2
BRDA:202,13,2,1
BRDA:202,13,3,1
BRDA:202,13,4,1
BRDA:205,14,0,1
BRDA:205,14,1,1
BRDA:212,15,0,1
BRDA:212,15,1,1
BRDA:250,16,0,1
BRDA:250,16,1,2
BRDA:250,17,0,3
BRDA:250,17,1,1
BRDA:255,18,0,1
BRDA:255,18,1,2
BRDA:255,19,0,3
BRDA:255,19,1,2
BRDA:255,19,2,1
BRDA:258,20,0,2
BRDA:258,20,1,1
BRDA:258,21,0,3
BRDA:258,21,1,2
BRDA:274,22,0,1
BRDA:274,22,1,4
BRDA:274,23,0,5
BRDA:274,23,1,3
BRDA:274,23,2,1
BRF:52
BRH:45
end_of_record
TN:
SF:/Users/emmanuelnyachoke/Code/Mekom/con-tainer2sul/lib/parse-key-pair.js
FN:1,parser
FN:29,(anonymous_2)
FNF:2
FNH:2
FNDA:1,parser
FNDA:1,(anonymous_2)
DA:1,1
DA:3,1
DA:4,1
DA:5,1
DA:6,1
DA:7,1
DA:9,1
DA:10,0
DA:11,1
DA:12,0
DA:13,1
DA:14,0
DA:15,1
DA:16,0
DA:18,1
DA:21,0
DA:23,1
DA:24,0
DA:29,1
DA:31,1
DA:32,0
DA:34,1
DA:35,1
DA:36,1
LF:24
LH:17
BRDA:4,1,0,1
BRDA:4,1,1,0
BRDA:4,2,0,1
BRDA:4,2,1,1
BRDA:6,3,0,1
BRDA:6,3,1,0
BRDA:9,4,0,0
BRDA:9,4,1,1
BRDA:11,5,0,0
BRDA:11,5,1,1
BRDA:13,6,0,0
BRDA:13,6,1,1
BRDA:15,7,0,0
BRDA:15,7,1,1
BRDA:23,8,0,0
BRDA:23,8,1,1
BRDA:23,9,0,1
BRDA:23,9,1,0
BRDA:31,10,0,0
BRDA:31,10,1,1
BRF:20
BRH:11
end_of_record
TN:
SF:/Users/emmanuelnyachoke/Code/Mekom/con-tainer2sul/lib/docker.js
FN:9,(anonymous_1)
FN:20,(anonymous_2)
FN:50,(anonymous_3)
FNF:3
FNH:3
FNDA:6,(anonymous_1)
FNDA:6,(anonymous_2)
FNDA:1,(anonymous_3)
DA:3,7
DA:4,7
DA:5,7
DA:6,7
DA:10,6
DA:12,6
DA:13,6
DA:14,6
DA:15,6
DA:21,6
DA:22,6
DA:24,5
DA:25,4
DA:27,4
DA:29,4
DA:30,4
DA:34,5
DA:35,1
DA:36,1
DA:41,2
DA:42,1
DA:45,1
DA:46,1
DA:51,1
DA:55,7
LF:25
LH:25
BRDA:41,1,0,1
BRDA:41,1,1,1
BRF:2
BRH:2
end_of_record
TN:
SF:/Users/emmanuelnyachoke/Code/Mekom/con-tainer2sul/lib/typedefs.js
FNF:0
FNH:0
LF:0
LH:0
BRF:0
BRH:0
end_of_record
