TN:
SF:/Users/emmanuelnyachoke/Code/Mekom/con-tainer2sul/lib/consul/catalog.js
FN:4,(anonymous_1)
FN:8,(anonymous_2)
FN:12,(anonymous_3)
FNF:3
FNH:3
FNDA:3,(anonymous_1)
FNDA:1,(anonymous_2)
FNDA:1,(anonymous_3)
DA:5,3
DA:9,1
DA:13,1
DA:17,1
LF:4
LH:4
BRF:0
BRH:0
end_of_record
TN:
SF:/Users/emmanuelnyachoke/Code/Mekom/con-tainer2sul/lib/consul/kv.js
FN:4,(anonymous_1)
FN:8,(anonymous_2)
FN:12,(anonymous_3)
FN:16,(anonymous_4)
FN:20,(anonymous_5)
FNF:5
FNH:5
FNDA:5,(anonymous_1)
FNDA:1,(anonymous_2)
FNDA:1,(anonymous_3)
FNDA:1,(anonymous_4)
FNDA:1,(anonymous_5)
DA:5,5
DA:9,1
DA:13,1
DA:17,1
DA:21,1
DA:23,1
DA:24,0
DA:27,1
DA:31,1
LF:9
LH:8
BRDA:23,1,0,0
BRDA:23,1,1,1
BRF:2
BRH:1
end_of_record
TN:
SF:/Users/emmanuelnyachoke/Code/Mekom/con-tainer2sul/lib/errors/skipError.js
FN:4,(anonymous_1)
FNF:1
FNH:1
FNDA:1,(anonymous_1)
DA:5,1
DA:9,1
LF:2
LH:2
BRF:0
BRH:0
end_of_record
TN:
SF:/Users/emmanuelnyachoke/Code/Mekom/con-tainer2sul/lib/consul/index.js
FN:7,(anonymous_1)
FN:15,(anonymous_2)
FN:24,transformResponse
FN:35,(anonymous_4)
FN:49,(anonymous_5)
FN:57,(anonymous_6)
FN:61,(anonymous_7)
FN:65,(anonymous_8)
FNF:8
FNH:7
FNDA:6,(anonymous_1)
FNDA:2,(anonymous_2)
FNDA:0,transformResponse
FNDA:1,(anonymous_4)
FNDA:2,(anonymous_5)
FNDA:1,(anonymous_6)
FNDA:1,(anonymous_7)
FNDA:1,(anonymous_8)
DA:2,1
DA:3,1
DA:4,1
DA:8,6
DA:9,6
DA:11,6
DA:12,6
DA:16,2
DA:17,2
DA:18,2
DA:20,2
DA:25,0
DA:29,2
DA:30,1
DA:32,2
DA:36,1
DA:50,2
DA:51,1
DA:54,2
DA:58,1
DA:62,1
DA:66,1
DA:70,1
LF:23
LH:22
BRDA:12,1,0,6
BRDA:12,1,1,6
BRDA:16,2,0,2
BRDA:16,2,1,0
BRDA:17,3,0,1
BRDA:17,3,1,1
BRDA:29,4,0,1
BRDA:29,4,1,1
BRDA:50,5,0,1
BRDA:50,5,1,1
BRF:10
BRH:9
end_of_record
TN:
SF:/Users/emmanuelnyachoke/Code/Mekom/con-tainer2sul/lib/container-to-consul.js
FN:10,(anonymous_1)
FN:20,(anonymous_2)
FN:41,(anonymous_3)
FN:86,(anonymous_4)
FN:95,(anonymous_5)
FN:128,(anonymous_6)
FN:157,(anonymous_7)
FN:175,(anonymous_8)
FN:241,(anonymous_9)
FN:266,(anonymous_10)
FNF:10
FNH:10
FNDA:21,(anonymous_1)
FNDA:25,(anonymous_2)
FNDA:5,(anonymous_3)
FNDA:1,(anonymous_4)
FNDA:4,(anonymous_5)
FNDA:2,(anonymous_6)
FNDA:2,(anonymous_7)
FNDA:3,(anonymous_8)
FNDA:3,(anonymous_9)
FNDA:5,(anonymous_10)
DA:3,22
DA:4,22
DA:5,22
DA:6,22
DA:7,22
DA:11,21
DA:13,21
DA:14,21
DA:15,21
DA:17,21
DA:21,25
DA:22,2
DA:24,1
DA:26,1
DA:27,1
DA:30,25
DA:31,2
DA:33,1
DA:35,1
DA:36,1
DA:42,5
DA:44,5
DA:46,2
DA:47,1
DA:49,1
DA:52,4
DA:53,6
DA:55,6
DA:58,1
DA:59,1
DA:63,5
DA:64,4
DA:66,1
DA:67,1
DA:73,3
DA:74,3
DA:76,2
DA:77,2
DA:87,2
DA:96,4
DA:98,4
DA:99,4
DA:102,2
DA:103,1
DA:104,1
DA:107,1
DA:110,2
DA:112,2
DA:113,2
DA:114,1
DA:116,1
DA:117,1
DA:118,1
DA:129,2
DA:134,2
DA:135,2
DA:138,0
DA:139,0
DA:140,0
DA:144,0
DA:148,0
DA:158,2
DA:160,2
DA:161,1
DA:162,1
DA:164,1
DA:165,1
DA:176,3
DA:183,3
DA:188,3
DA:189,3
DA:192,3
DA:194,3
DA:195,0
DA:197,3
DA:198,3
DA:199,9
DA:201,2
DA:202,2
DA:203,1
DA:205,2
DA:207,2
DA:208,2
DA:209,2
DA:210,1
DA:215,0
DA:217,2
DA:219,1
DA:220,1
DA:222,1
DA:224,2
DA:225,1
DA:230,3
DA:232,3
DA:242,3
DA:244,3
DA:245,1
DA:248,3
DA:249,3
DA:250,1
DA:252,3
DA:253,2
DA:255,3
DA:257,3
DA:267,5
DA:268,5
DA:269,1
DA:271,5
DA:276,22
LF:109
LH:102
BRDA:46,1,0,1
BRDA:46,1,1,1
BRDA:46,2,0,2
BRDA:46,2,1,1
BRDA:58,3,0,1
BRDA:58,3,1,0
BRDA:63,4,0,4
BRDA:63,4,1,1
BRDA:63,5,0,5
BRDA:63,5,1,4
BRDA:102,6,0,1
BRDA:102,6,1,1
BRDA:134,7,0,2
BRDA:134,7,1,0
BRDA:139,8,0,0
BRDA:139,8,1,0
BRDA:188,9,0,3
BRDA:188,9,1,0
BRDA:194,10,0,0
BRDA:194,10,1,3
BRDA:194,11,0,3
BRDA:194,11,1,3
BRDA:194,11,2,3
BRDA:197,12,0,3
BRDA:197,12,1,0
BRDA:199,13,0,2
BRDA:199,13,1,2
BRDA:199,13,2,1
BRDA:199,13,3,1
BRDA:202,14,0,1
BRDA:202,14,1,1
BRDA:209,15,0,1
BRDA:209,15,1,1
BRDA:244,16,0,1
BRDA:244,16,1,2
BRDA:244,17,0,3
BRDA:244,17,1,1
BRDA:249,18,0,1
BRDA:249,18,1,2
BRDA:249,19,0,3
BRDA:249,19,1,2
BRDA:249,19,2,1
BRDA:252,20,0,2
BRDA:252,20,1,1
BRDA:252,21,0,3
BRDA:252,21,1,2
BRDA:268,22,0,1
BRDA:268,22,1,4
BRDA:268,23,0,5
BRDA:268,23,1,3
BRDA:268,23,2,1
BRF:51
BRH:44
end_of_record
TN:
SF:/Users/emmanuelnyachoke/Code/Mekom/con-tainer2sul/lib/docker.js
FN:9,(anonymous_1)
FN:20,(anonymous_2)
FN:50,(anonymous_3)
FNF:3
FNH:3
FNDA:6,(anonymous_1)
FNDA:6,(anonymous_2)
FNDA:1,(anonymous_3)
DA:3,7
DA:4,7
DA:5,7
DA:6,7
DA:10,6
DA:12,6
DA:13,6
DA:14,6
DA:15,6
DA:21,6
DA:22,6
DA:24,5
DA:25,4
DA:27,4
DA:29,4
DA:30,4
DA:34,5
DA:35,1
DA:36,1
DA:41,2
DA:42,1
DA:45,1
DA:46,1
DA:51,1
DA:55,7
LF:25
LH:25
BRDA:41,1,0,1
BRDA:41,1,1,1
BRF:2
BRH:2
end_of_record
TN:
SF:/Users/emmanuelnyachoke/Code/Mekom/con-tainer2sul/lib/typedefs.js
FNF:0
FNH:0
LF:0
LH:0
BRF:0
BRH:0
end_of_record
